<?xml version="1.0" encoding="UTF-8"?>
<!-- Generated by org.testng.reporters.JUnitReportReporter -->
<testsuite hostname="IN15I51216GR512" failures="0" tests="1" name="Experimental.BookMyShowDropdownExample" time="37.934" errors="0" timestamp="2025-02-05T01:27:45 IST" skipped="0">
  <testcase classname="Experimental.BookMyShowDropdownExample" name="booknyshowdropdown" time="37.934"/>
  <system-out/>
</testsuite> <!-- Experimental.BookMyShowDropdownExample -->
