<?xml version="1.0" encoding="UTF-8"?>
<!-- Generated by org.testng.reporters.JUnitReportReporter -->
<testsuite hostname="IN15I51216GR512" failures="0" tests="1" name="Experimental.WindowHandlesExample" time="14.499" errors="0" timestamp="2025-02-04T23:35:48 IST" skipped="0">
  <testcase classname="Experimental.WindowHandlesExample" name="windowhandle" time="14.499"/>
  <system-out/>
</testsuite> <!-- Experimental.WindowHandlesExample -->
