<?xml version="1.0" encoding="UTF-8"?>
<!-- Generated by org.testng.reporters.JUnitReportReporter -->
<testsuite hostname="IN15I51216GR512" failures="0" tests="1" name="Experimental.DragAndDropExample" time="4.869" errors="0" timestamp="2025-02-05T01:46:15 IST" skipped="0">
  <testcase classname="Experimental.DragAndDropExample" name="draganddrop" time="4.869"/>
  <system-out/>
</testsuite> <!-- Experimental.DragAndDropExample -->
