<?xml version="1.0" encoding="UTF-8"?>
<!-- Generated by org.testng.reporters.JUnitReportReporter -->
<testsuite hostname="IN15I51216GR512" failures="0" tests="1" name="nnd.TestCases.LoginTest" time="11.194" errors="0" timestamp="2025-02-01T03:03:13 IST" skipped="0">
  <testcase classname="nnd.TestCases.LoginTest" name="ValidUserLogin" time="11.194"/>
  <system-out/>
</testsuite> <!-- nnd.TestCases.LoginTest -->
