<?xml version="1.0" encoding="UTF-8"?>
<!-- Generated by org.testng.reporters.JUnitReportReporter -->
<testsuite hostname="IN15I51216GR512" failures="0" tests="1" name="nnd.TestCases.LoginTest" time="13.082" errors="0" timestamp="2025-02-02T00:33:45 IST" skipped="0">
  <testcase classname="nnd.TestCases.LoginTest" name="ValidUserLogin" time="13.082"/>
  <system-out/>
</testsuite> <!-- nnd.TestCases.LoginTest -->
