<?xml version="1.0" encoding="UTF-8"?>
<!-- Generated by org.testng.reporters.JUnitReportReporter -->
<testsuite hostname="IN15I51216GR512" failures="0" tests="1" name="Experimental.AmazonDropdownExample" time="12.533" errors="0" timestamp="2025-02-05T01:39:33 IST" skipped="0">
  <testcase classname="Experimental.AmazonDropdownExample" name="dd" time="12.533"/>
  <system-out/>
</testsuite> <!-- Experimental.AmazonDropdownExample -->
