<?xml version="1.0" encoding="UTF-8"?>
<!-- Generated by org.testng.reporters.JUnitReportReporter -->
<testsuite hostname="IN15I51216GR512" failures="0" tests="1" name="Experimental.AmazonWindowHandleExample" time="34.325" errors="0" timestamp="2025-02-04T23:49:22 IST" skipped="0">
  <testcase classname="Experimental.AmazonWindowHandleExample" name="amazonWindowHandle" time="34.325"/>
  <system-out/>
</testsuite> <!-- Experimental.AmazonWindowHandleExample -->
