<?xml version="1.0" encoding="UTF-8"?>
<!-- Generated by org.testng.reporters.JUnitReportReporter -->
<testsuite hostname="IN15I51216GR512" failures="0" tests="1" name="nnd.TestProject.SeleniumTest" time="29.619" errors="0" timestamp="2025-01-29T18:35:15 IST" skipped="0">
  <testcase classname="nnd.TestProject.SeleniumTest" name="test1" time="29.619"/>
  <system-out/>
</testsuite> <!-- nnd.TestProject.SeleniumTest -->
