<?xml version="1.0" encoding="UTF-8"?>
<!-- Generated by org.testng.reporters.JUnitReportReporter -->
<testsuite hostname="IN15I51216GR512" failures="0" tests="1" name="Experimental.BookMyWindowHandleExample" time="5.901" errors="0" timestamp="2025-02-05T00:29:55 IST" skipped="0">
  <testcase classname="Experimental.BookMyWindowHandleExample" name="windowhandle" time="5.901"/>
  <system-out/>
</testsuite> <!-- Experimental.BookMyWindowHandleExample -->
