<?xml version="1.0" encoding="UTF-8"?>
<!-- Generated by org.testng.reporters.JUnitReportReporter -->
<testsuite hostname="IN15I51216GR512" failures="0" tests="1" name="nnd.TestCases.LoginTest" time="16.659" errors="0" timestamp="2025-01-30T23:58:01 IST" skipped="0">
  <testcase classname="nnd.TestCases.LoginTest" name="ValidUserLogin" time="16.659"/>
  <system-out/>
</testsuite> <!-- nnd.TestCases.LoginTest -->
